#
# There is insufficient memory for the Java Runtime Environment to continue.
# Native memory allocation (malloc) failed to allocate 972896 bytes for Chunk::new
# Possible reasons:
#   The system is out of physical RAM or swap space
#   In 32 bit mode, the process size limit was hit
# Possible solutions:
#   Reduce memory load on the system
#   Increase physical memory or swap space
#   Check if swap backing store is full
#   Use 64 bit Java on a 64 bit OS
#   Decrease Java heap size (-Xmx/-Xms)
#   Decrease number of Java threads
#   Decrease Java thread stack sizes (-Xss)
#   Set larger code cache with -XX:ReservedCodeCacheSize=
# This output file may be truncated or incomplete.
#
#  Out of Memory Error (allocation.cpp:390), pid=76216, tid=0x0000000000011098
#
# JRE version: Java(TM) SE Runtime Environment (8.0_151-b12) (build 1.8.0_151-b12)
# Java VM: Java HotSpot(TM) 64-Bit Server VM (25.151-b12 mixed mode windows-amd64 compressed oops)
# Failed to write core dump. Minidumps are not enabled by default on client versions of Windows
#

---------------  T H R E A D  ---------------

Current thread (0x0000000016407000):  JavaThread "C2 CompilerThread1" daemon [_thread_in_native, id=69784, stack(0x0000000016dd0000,0x0000000016ed0000)]

Stack: [0x0000000016dd0000,0x0000000016ed0000]
[error occurred during error reporting (printing stack bounds), id 0xc0000005]

Native frames: (J=compiled Java code, j=interpreted, Vv=VM code, C=native code)


Current CompileTask:
C2:  16914 5771 %     4       org.eclipse.swt.graphics.ImageData::blit @ 1811 (3888 bytes)


---------------  P R O C E S S  ---------------

Java Threads: ( => current thread )
  0x0000000021959800 JavaThread "Provisioning Event Dispatcher" daemon [_thread_blocked, id=75168, stack(0x0000000021420000,0x0000000021520000)]
  0x0000000021957000 JavaThread "Timer-1" [_thread_blocked, id=59424, stack(0x0000000021320000,0x0000000021420000)]
  0x0000000021958800 JavaThread "Worker-2" [_thread_blocked, id=75804, stack(0x0000000019af0000,0x0000000019bf0000)]
  0x00000000190c6800 JavaThread "Java indexing" daemon [_thread_blocked, id=33884, stack(0x000000001dc30000,0x000000001dd30000)]
  0x00000000190c8000 JavaThread "Worker-1" [_thread_blocked, id=3848, stack(0x000000001c560000,0x000000001c660000)]
  0x00000000190c7800 JavaThread "Bundle File Closer" daemon [_thread_blocked, id=78692, stack(0x000000001c460000,0x000000001c560000)]
  0x00000000190c4800 JavaThread "EMF Reference Cleaner" daemon [_thread_blocked, id=74316, stack(0x000000001bf60000,0x000000001c060000)]
  0x0000000018c67000 JavaThread "Worker-0" [_thread_blocked, id=71496, stack(0x000000001a3f0000,0x000000001a4f0000)]
  0x00000000186b8000 JavaThread "Gogo shell" [_thread_blocked, id=49296, stack(0x000000001a2f0000,0x000000001a3f0000)]
  0x0000000018b5d800 JavaThread "Worker-JM" [_thread_blocked, id=78212, stack(0x0000000019df0000,0x0000000019ef0000)]
  0x0000000018562000 JavaThread "SCR Component Actor" daemon [_thread_blocked, id=72644, stack(0x00000000199f0000,0x0000000019af0000)]
  0x0000000018579800 JavaThread "Start Level: Equinox Container: 0510d57a-0b76-4e2b-b6bc-8ceb84bfb944" daemon [_thread_blocked, id=67324, stack(0x00000000198f0000,0x00000000199f0000)]
  0x000000001857a800 JavaThread "Framework Event Dispatcher: Equinox Container: 0510d57a-0b76-4e2b-b6bc-8ceb84bfb944" daemon [_thread_blocked, id=69008, stack(0x00000000197f0000,0x00000000198f0000)]
  0x00000000180c5000 JavaThread "Active Thread: Equinox Container: 0510d57a-0b76-4e2b-b6bc-8ceb84bfb944" [_thread_blocked, id=70488, stack(0x00000000194f0000,0x00000000195f0000)]
  0x0000000016441000 JavaThread "Service Thread" daemon [_thread_blocked, id=5664, stack(0x0000000016fd0000,0x00000000170d0000)]
  0x000000001640c000 JavaThread "C1 CompilerThread2" daemon [_thread_blocked, id=69480, stack(0x0000000016ed0000,0x0000000016fd0000)]
=>0x0000000016407000 JavaThread "C2 CompilerThread1" daemon [_thread_in_native, id=69784, stack(0x0000000016dd0000,0x0000000016ed0000)]
  0x0000000016404800 JavaThread "C2 CompilerThread0" daemon [_thread_blocked, id=77260, stack(0x0000000016cd0000,0x0000000016dd0000)]
  0x00000000163fe000 JavaThread "Attach Listener" daemon [_thread_blocked, id=77304, stack(0x0000000016bd0000,0x0000000016cd0000)]
  0x00000000159cd800 JavaThread "Signal Dispatcher" daemon [_thread_blocked, id=67144, stack(0x0000000016ad0000,0x0000000016bd0000)]
  0x00000000159cc800 JavaThread "Surrogate Locker Thread (Concurrent GC)" daemon [_thread_blocked, id=75128, stack(0x00000000169d0000,0x0000000016ad0000)]
  0x00000000159c0800 JavaThread "Finalizer" daemon [_thread_blocked, id=78600, stack(0x00000000167d0000,0x00000000168d0000)]
  0x00000000159b9800 JavaThread "Reference Handler" daemon [_thread_blocked, id=76120, stack(0x00000000162d0000,0x00000000163d0000)]
  0x00000000021dd800 JavaThread "main" [_thread_in_native, id=62652, stack(0x0000000000050000,0x0000000000150000)]

Other Threads:
  0x00000000159b0000 VMThread [stack: 0x00000000161d0000,0x00000000162d0000] [id=71084]
  0x0000000016482800 WatcherThread [stack: 0x00000000170d0000,0x00000000171d0000] [id=78548]

VM state:not at safepoint (normal execution)

VM Mutex/Monitor currently owned by a thread: None

Heap:
 par new generation   total 39296K, used 10282K [0x00000000c0000000, 0x00000000c2aa0000, 0x00000000d4cc0000)
  eden space 34944K,  18% used [0x00000000c0000000, 0x00000000c0655bb0, 0x00000000c2220000)
  from space 4352K,  87% used [0x00000000c2220000, 0x00000000c25d4cd0, 0x00000000c2660000)
  to   space 4352K,   0% used [0x00000000c2660000, 0x00000000c2660000, 0x00000000c2aa0000)
 concurrent mark-sweep generation total 99336K, used 71540K [0x00000000d4cc0000, 0x00000000dadc2000, 0x0000000100000000)
 Metaspace       used 55218K, capacity 60500K, committed 60780K, reserved 1101824K
  class space    used 6498K, capacity 8085K, committed 8128K, reserved 1048576K

Card table byte_map: [0x0000000012010000,0x0000000012220000] byte_map_base: 0x0000000011a10000

Marking Bits: (CMSBitMap*) 0x00000000027a97d8
 Bits: [0x00000000127c0000, 0x000000001328d000)

Mod Union Table: (CMSBitMap*) 0x00000000027a9898
 Bits: [0x0000000002210000, 0x000000000223b340)

Polling page: 0x00000000021c0000

CodeCache: size=245760Kb used=16382Kb max_used=17687Kb free=229377Kb
 bounds [0x0000000002850000, 0x00000000039d0000, 0x0000000011850000]
 total_blobs=5517 nmethods=4794 adapters=633
 compilation: enabled

Compilation events (10 events):
Event: 16.837 Thread 0x000000001640c000 nmethod 5765 0x0000000002bcb6d0 code [0x0000000002bcb820, 0x0000000002bcb930]
Event: 16.843 Thread 0x000000001640c000 5768   !   3       org.eclipse.swt.widgets.Display::findDisplay (50 bytes)
Event: 16.844 Thread 0x000000001640c000 nmethod 5768 0x0000000003176ed0 code [0x0000000003177060, 0x00000000031774f0]
Event: 16.844 Thread 0x000000001640c000 5767       3       org.eclipse.swt.widgets.Display::getCurrent (7 bytes)
Event: 16.844 Thread 0x000000001640c000 nmethod 5767 0x00000000035ba650 code [0x00000000035ba7c0, 0x00000000035ba948]
Event: 16.844 Thread 0x000000001640c000 5769       3       java.io.ExpiringCache$1::removeEldestEntry (20 bytes)
Event: 16.844 Thread 0x000000001640c000 nmethod 5769 0x00000000032e95d0 code [0x00000000032e9740, 0x00000000032e9990]
Event: 16.869 Thread 0x000000001640c000 5770 %     3       org.eclipse.swt.graphics.ImageData::blit @ 1811 (3888 bytes)
Event: 16.879 Thread 0x000000001640c000 nmethod 5770% 0x00000000032a7450 code [0x00000000032a7b00, 0x00000000032ae998]
Event: 16.879 Thread 0x0000000016407000 5771 %     4       org.eclipse.swt.graphics.ImageData::blit @ 1811 (3888 bytes)

GC Heap History (10 events):
Event: 16.683 GC heap before
{Heap before GC invocations=43 (full 3):
 par new generation   total 39296K, used 37050K [0x00000000c0000000, 0x00000000c2aa0000, 0x00000000d4cc0000)
  eden space 34944K,  95% used [0x00000000c0000000, 0x00000000c208ea18, 0x00000000c2220000)
  from space 4352K,  85% used [0x00000000c2660000, 0x00000000c29fff38, 0x00000000c2aa0000)
  to   space 4352K,   0% used [0x00000000c2220000, 0x00000000c2220000, 0x00000000c2660000)
 concurrent mark-sweep generation total 99336K, used 62612K [0x00000000d4cc0000, 0x00000000dadc2000, 0x0000000100000000)
 Metaspace       used 54681K, capacity 60016K, committed 60268K, reserved 1101824K
  class space    used 6449K, capacity 8053K, committed 8128K, reserved 1048576K
Event: 16.685 GC heap after
Heap after GC invocations=44 (full 3):
 par new generation   total 39296K, used 3761K [0x00000000c0000000, 0x00000000c2aa0000, 0x00000000d4cc0000)
  eden space 34944K,   0% used [0x00000000c0000000, 0x00000000c0000000, 0x00000000c2220000)
  from space 4352K,  86% used [0x00000000c2220000, 0x00000000c25cc688, 0x00000000c2660000)
  to   space 4352K,   0% used [0x00000000c2660000, 0x00000000c2660000, 0x00000000c2aa0000)
 concurrent mark-sweep generation total 99336K, used 63770K [0x00000000d4cc0000, 0x00000000dadc2000, 0x0000000100000000)
 Metaspace       used 54681K, capacity 60016K, committed 60268K, reserved 1101824K
  class space    used 6449K, capacity 8053K, committed 8128K, reserved 1048576K
}
Event: 16.747 GC heap before
{Heap before GC invocations=44 (full 3):
 par new generation   total 39296K, used 38106K [0x00000000c0000000, 0x00000000c2aa0000, 0x00000000d4cc0000)
  eden space 34944K,  98% used [0x00000000c0000000, 0x00000000c218a220, 0x00000000c2220000)
  from space 4352K,  86% used [0x00000000c2220000, 0x00000000c25cc688, 0x00000000c2660000)
  to   space 4352K,   0% used [0x00000000c2660000, 0x00000000c2660000, 0x00000000c2aa0000)
 concurrent mark-sweep generation total 99336K, used 63770K [0x00000000d4cc0000, 0x00000000dadc2000, 0x0000000100000000)
 Metaspace       used 54799K, capacity 60148K, committed 60268K, reserved 1101824K
  class space    used 6462K, capacity 8053K, committed 8128K, reserved 1048576K
Event: 16.748 GC heap after
Heap after GC invocations=45 (full 3):
 par new generation   total 39296K, used 1412K [0x00000000c0000000, 0x00000000c2aa0000, 0x00000000d4cc0000)
  eden space 34944K,   0% used [0x00000000c0000000, 0x00000000c0000000, 0x00000000c2220000)
  from space 4352K,  32% used [0x00000000c2660000, 0x00000000c27c12c0, 0x00000000c2aa0000)
  to   space 4352K,   0% used [0x00000000c2220000, 0x00000000c2220000, 0x00000000c2660000)
 concurrent mark-sweep generation total 99336K, used 64985K [0x00000000d4cc0000, 0x00000000dadc2000, 0x0000000100000000)
 Metaspace       used 54799K, capacity 60148K, committed 60268K, reserved 1101824K
  class space    used 6462K, capacity 8053K, committed 8128K, reserved 1048576K
}
Event: 16.778 GC heap before
{Heap before GC invocations=45 (full 3):
 par new generation   total 39296K, used 35036K [0x00000000c0000000, 0x00000000c2aa0000, 0x00000000d4cc0000)
  eden space 34944K,  96% used [0x00000000c0000000, 0x00000000c20d5fa8, 0x00000000c2220000)
  from space 4352K,  32% used [0x00000000c2660000, 0x00000000c27c12c0, 0x00000000c2aa0000)
  to   space 4352K,   0% used [0x00000000c2220000, 0x00000000c2220000, 0x00000000c2660000)
 concurrent mark-sweep generation total 99336K, used 64985K [0x00000000d4cc0000, 0x00000000dadc2000, 0x0000000100000000)
 Metaspace       used 54871K, capacity 60180K, committed 60268K, reserved 1101824K
  class space    used 6468K, capacity 8085K, committed 8128K, reserved 1048576K
Event: 16.780 GC heap after
Heap after GC invocations=46 (full 3):
 par new generation   total 39296K, used 2072K [0x00000000c0000000, 0x00000000c2aa0000, 0x00000000d4cc0000)
  eden space 34944K,   0% used [0x00000000c0000000, 0x00000000c0000000, 0x00000000c2220000)
  from space 4352K,  47% used [0x00000000c2220000, 0x00000000c24261d0, 0x00000000c2660000)
  to   space 4352K,   0% used [0x00000000c2660000, 0x00000000c2660000, 0x00000000c2aa0000)
 concurrent mark-sweep generation total 99336K, used 64985K [0x00000000d4cc0000, 0x00000000dadc2000, 0x0000000100000000)
 Metaspace       used 54871K, capacity 60180K, committed 60268K, reserved 1101824K
  class space    used 6468K, capacity 8085K, committed 8128K, reserved 1048576K
}
Event: 16.802 GC heap before
{Heap before GC invocations=46 (full 3):
 par new generation   total 39296K, used 37016K [0x00000000c0000000, 0x00000000c2aa0000, 0x00000000d4cc0000)
  eden space 34944K, 100% used [0x00000000c0000000, 0x00000000c2220000, 0x00000000c2220000)
  from space 4352K,  47% used [0x00000000c2220000, 0x00000000c24261d0, 0x00000000c2660000)
  to   space 4352K,   0% used [0x00000000c2660000, 0x00000000c2660000, 0x00000000c2aa0000)
 concurrent mark-sweep generation total 99336K, used 64985K [0x00000000d4cc0000, 0x00000000dadc2000, 0x0000000100000000)
 Metaspace       used 54871K, capacity 60180K, committed 60268K, reserved 1101824K
  class space    used 6468K, capacity 8085K, committed 8128K, reserved 1048576K
Event: 16.804 GC heap after
Heap after GC invocations=47 (full 3):
 par new generation   total 39296K, used 3981K [0x00000000c0000000, 0x00000000c2aa0000, 0x00000000d4cc0000)
  eden space 34944K,   0% used [0x00000000c0000000, 0x00000000c0000000, 0x00000000c2220000)
  from space 4352K,  91% used [0x00000000c2660000, 0x00000000c2a436d0, 0x00000000c2aa0000)
  to   space 4352K,   0% used [0x00000000c2220000, 0x00000000c2220000, 0x00000000c2660000)
 concurrent mark-sweep generation total 99336K, used 67790K [0x00000000d4cc0000, 0x00000000dadc2000, 0x0000000100000000)
 Metaspace       used 54871K, capacity 60180K, committed 60268K, reserved 1101824K
  class space    used 6468K, capacity 8085K, committed 8128K, reserved 1048576K
}
Event: 16.837 GC heap before
{Heap before GC invocations=47 (full 3):
 par new generation   total 39296K, used 38925K [0x00000000c0000000, 0x00000000c2aa0000, 0x00000000d4cc0000)
  eden space 34944K, 100% used [0x00000000c0000000, 0x00000000c2220000, 0x00000000c2220000)
  from space 4352K,  91% used [0x00000000c2660000, 0x00000000c2a436d0, 0x00000000c2aa0000)
  to   space 4352K,   0% used [0x00000000c2220000, 0x00000000c2220000, 0x00000000c2660000)
 concurrent mark-sweep generation total 99336K, used 67790K [0x00000000d4cc0000, 0x00000000dadc2000, 0x0000000100000000)
 Metaspace       used 55197K, capacity 60500K, committed 60780K, reserved 1101824K
  class space    used 6495K, capacity 8085K, committed 8128K, reserved 1048576K
Event: 16.840 GC heap after
Heap after GC invocations=48 (full 3):
 par new generation   total 39296K, used 3795K [0x00000000c0000000, 0x00000000c2aa0000, 0x00000000d4cc0000)
  eden space 34944K,   0% used [0x00000000c0000000, 0x00000000c0000000, 0x00000000c2220000)
  from space 4352K,  87% used [0x00000000c2220000, 0x00000000c25d4cd0, 0x00000000c2660000)
  to   space 4352K,   0% used [0x00000000c2660000, 0x00000000c2660000, 0x00000000c2aa0000)
 concurrent mark-sweep generation total 99336K, used 71540K [0x00000000d4cc0000, 0x00000000dadc2000, 0x0000000100000000)
 Metaspace       used 55197K, capacity 60500K, committed 60780K, reserved 1101824K
  class space    used 6495K, capacity 8085K, committed 8128K, reserved 1048576K
}

Deoptimization events (10 events):
Event: 16.728 Thread 0x00000000021dd800 Uncommon trap: reason=class_check action=maybe_recompile pc=0x00000000035c143c method=org.eclipse.e4.ui.css.core.impl.sac.CSSClassConditionImpl.match(Lorg/w3c/dom/Element;Ljava/lang/String;)Z @ 3
Event: 16.728 Thread 0x00000000021dd800 Uncommon trap: reason=class_check action=maybe_recompile pc=0x00000000035c143c method=org.eclipse.e4.ui.css.core.impl.sac.CSSClassConditionImpl.match(Lorg/w3c/dom/Element;Ljava/lang/String;)Z @ 3
Event: 16.735 Thread 0x00000000021dd800 Uncommon trap: reason=bimorphic action=maybe_recompile pc=0x0000000002c3cc10 method=org.eclipse.e4.ui.css.core.impl.sac.CSSElementSelectorImpl.match(Lorg/w3c/dom/Element;Ljava/lang/String;)Z @ 33
Event: 16.735 Thread 0x00000000021dd800 Uncommon trap: reason=bimorphic action=maybe_recompile pc=0x0000000002c3cc10 method=org.eclipse.e4.ui.css.core.impl.sac.CSSElementSelectorImpl.match(Lorg/w3c/dom/Element;Ljava/lang/String;)Z @ 33
Event: 16.735 Thread 0x00000000021dd800 Uncommon trap: reason=bimorphic action=maybe_recompile pc=0x0000000002c3cc10 method=org.eclipse.e4.ui.css.core.impl.sac.CSSElementSelectorImpl.match(Lorg/w3c/dom/Element;Ljava/lang/String;)Z @ 33
Event: 16.735 Thread 0x00000000021dd800 Uncommon trap: reason=bimorphic action=maybe_recompile pc=0x0000000002c3cc10 method=org.eclipse.e4.ui.css.core.impl.sac.CSSElementSelectorImpl.match(Lorg/w3c/dom/Element;Ljava/lang/String;)Z @ 33
Event: 16.736 Thread 0x00000000021dd800 Uncommon trap: reason=bimorphic action=maybe_recompile pc=0x0000000002c3c59c method=org.eclipse.e4.ui.css.core.impl.sac.CSSElementSelectorImpl.match(Lorg/w3c/dom/Element;Ljava/lang/String;)Z @ 33
Event: 16.746 Thread 0x00000000021dd800 Uncommon trap: reason=unloaded action=reinterpret pc=0x0000000002c47b78 method=org.eclipse.e4.ui.css.core.impl.dom.ViewCSSImpl.getComputedStyle(Ljava/util/List;Lorg/w3c/dom/Element;Ljava/lang/String;)Lorg/w3c/dom/css/CSSStyleDeclaration; @ 149
Event: 16.751 Thread 0x00000000021dd800 Uncommon trap: reason=unstable_if action=reinterpret pc=0x0000000002d12c20 method=org.eclipse.e4.ui.css.core.impl.dom.ViewCSSImpl.getComputedStyle(Ljava/util/List;Lorg/w3c/dom/Element;Ljava/lang/String;)Lorg/w3c/dom/css/CSSStyleDeclaration; @ 128
Event: 16.754 Thread 0x00000000021dd800 Uncommon trap: reason=constraint action=reinterpret pc=0x0000000002c02aa4 method=org.eclipse.e4.ui.css.core.impl.dom.ViewCSSImpl.getComputedStyle(Ljava/util/List;Lorg/w3c/dom/Element;Ljava/lang/String;)Lorg/w3c/dom/css/CSSStyleDeclaration; @ 23

Internal exceptions (10 events):
Event: 16.678 Thread 0x00000000021dd800 Exception <a 'java/io/FileNotFoundException'> (0x00000000c1d9c170) thrown at [C:\re\workspace\8-2-build-windows-amd64-cygwin\jdk8u151\9699\hotspot\src\share\vm\prims\jni.cpp, line 709]
Event: 16.679 Thread 0x00000000021dd800 Exception <a 'java/io/FileNotFoundException'> (0x00000000c1d9dd20) thrown at [C:\re\workspace\8-2-build-windows-amd64-cygwin\jdk8u151\9699\hotspot\src\share\vm\prims\jni.cpp, line 709]
Event: 16.679 Thread 0x00000000021dd800 Exception <a 'java/io/FileNotFoundException'> (0x00000000c1d9f8e8) thrown at [C:\re\workspace\8-2-build-windows-amd64-cygwin\jdk8u151\9699\hotspot\src\share\vm\prims\jni.cpp, line 709]
Event: 16.679 Thread 0x00000000021dd800 Exception <a 'java/io/FileNotFoundException'> (0x00000000c1da1598) thrown at [C:\re\workspace\8-2-build-windows-amd64-cygwin\jdk8u151\9699\hotspot\src\share\vm\prims\jni.cpp, line 709]
Event: 16.679 Thread 0x00000000021dd800 Exception <a 'java/io/FileNotFoundException'> (0x00000000c1da31b8) thrown at [C:\re\workspace\8-2-build-windows-amd64-cygwin\jdk8u151\9699\hotspot\src\share\vm\prims\jni.cpp, line 709]
Event: 16.679 Thread 0x00000000021dd800 Exception <a 'java/io/FileNotFoundException'> (0x00000000c1da4f58) thrown at [C:\re\workspace\8-2-build-windows-amd64-cygwin\jdk8u151\9699\hotspot\src\share\vm\prims\jni.cpp, line 709]
Event: 16.679 Thread 0x00000000021dd800 Exception <a 'java/io/FileNotFoundException'> (0x00000000c1da6be0) thrown at [C:\re\workspace\8-2-build-windows-amd64-cygwin\jdk8u151\9699\hotspot\src\share\vm\prims\jni.cpp, line 709]
Event: 16.679 Thread 0x00000000021dd800 Exception <a 'java/io/FileNotFoundException'> (0x00000000c1da8908) thrown at [C:\re\workspace\8-2-build-windows-amd64-cygwin\jdk8u151\9699\hotspot\src\share\vm\prims\jni.cpp, line 709]
Event: 16.679 Thread 0x00000000021dd800 Exception <a 'java/io/FileNotFoundException'> (0x00000000c1daa690) thrown at [C:\re\workspace\8-2-build-windows-amd64-cygwin\jdk8u151\9699\hotspot\src\share\vm\prims\jni.cpp, line 709]
Event: 16.679 Thread 0x00000000021dd800 Exception <a 'java/io/FileNotFoundException'> (0x00000000c1dac3e8) thrown at [C:\re\workspace\8-2-build-windows-amd64-cygwin\jdk8u151\9699\hotspot\src\share\vm\prims\jni.cpp, line 709]

Events (10 events):
Event: 16.837 Executing VM operation: GenCollectForAllocation
Event: 16.840 Executing VM operation: GenCollectForAllocation done
Event: 16.902 Executing VM operation: RevokeBias
Event: 16.902 Executing VM operation: RevokeBias done
Event: 16.903 loading class java/lang/Throwable$WrappedPrintWriter
Event: 16.903 loading class java/lang/Throwable$PrintStreamOrWriter
Event: 16.904 loading class java/lang/Throwable$PrintStreamOrWriter done
Event: 16.904 loading class java/lang/Throwable$WrappedPrintWriter done
Event: 16.904 loading class java/util/IdentityHashMap$KeySet
Event: 16.904 loading class java/util/IdentityHashMap$KeySet done


Dynamic libraries:
0x0000000000400000 - 0x0000000000428000 	C:\Program Files\TIBCO\Jaspersoft Studio-6.11.0\Jaspersoft Studio.exe
0x00007ff895760000 - 0x00007ff895969000 	C:\WINDOWS\SYSTEM32\ntdll.dll
0x00007ff8944b0000 - 0x00007ff89456d000 	C:\WINDOWS\System32\KERNEL32.DLL
0x00007ff892f00000 - 0x00007ff893279000 	C:\WINDOWS\System32\KERNELBASE.dll
0x00007ff8952e0000 - 0x00007ff89548c000 	C:\WINDOWS\System32\USER32.dll
0x00007ff892d60000 - 0x00007ff892d86000 	C:\WINDOWS\System32\win32u.dll
0x00007ff893680000 - 0x00007ff8936a9000 	C:\WINDOWS\System32\GDI32.dll
0x00007ff8934d0000 - 0x00007ff8935e2000 	C:\WINDOWS\System32\gdi32full.dll
0x00007ff893280000 - 0x00007ff89331d000 	C:\WINDOWS\System32\msvcp_win.dll
0x00007ff892c40000 - 0x00007ff892d51000 	C:\WINDOWS\System32\ucrtbase.dll
0x00007ff895190000 - 0x00007ff895233000 	C:\WINDOWS\System32\msvcrt.dll
0x00007ff87bfc0000 - 0x00007ff87c265000 	C:\WINDOWS\WinSxS\amd64_microsoft.windows.common-controls_6595b64144ccf1df_6.0.22000.120_none_9d947278b86cc467\COMCTL32.dll
0x00007ff894050000 - 0x00007ff894081000 	C:\WINDOWS\System32\IMM32.DLL
0x00007ff8724d0000 - 0x00007ff8724f9000 	C:\Program Files\TIBCO\Jaspersoft Studio-6.11.0\plugins\org.eclipse.equinox.launcher.win32.win32.x86_64_1.1.1000.v20190125-2016\eclipse_1801.dll
0x00007ff895490000 - 0x00007ff89553e000 	C:\WINDOWS\System32\ADVAPI32.dll
0x00007ff895240000 - 0x00007ff8952de000 	C:\WINDOWS\System32\sechost.dll
0x00007ff895000000 - 0x00007ff895120000 	C:\WINDOWS\System32\RPCRT4.dll
0x00007ff88bea0000 - 0x00007ff88beaa000 	C:\WINDOWS\SYSTEM32\VERSION.dll
0x00007ff88fd50000 - 0x00007ff88fdfc000 	C:\WINDOWS\system32\uxtheme.dll
0x00007ff894570000 - 0x00007ff8948e9000 	C:\WINDOWS\System32\combase.dll
0x00007ff893f30000 - 0x00007ff89404e000 	C:\WINDOWS\System32\MSCTF.dll
0x0000000070490000 - 0x0000000070d2d000 	C:\Program Files\TIBCO\Jaspersoft Studio-6.11.0\features\jre.win32.win32.x86_64.feature_1.8.0.u151\jre\bin\server\jvm.dll
0x00007ff893f20000 - 0x00007ff893f28000 	C:\WINDOWS\System32\PSAPI.DLL
0x00007ff88be60000 - 0x00007ff88be93000 	C:\WINDOWS\SYSTEM32\WINMM.dll
0x00000000703b0000 - 0x0000000070482000 	C:\WINDOWS\SYSTEM32\MSVCR100.dll
0x00007ff88ef30000 - 0x00007ff88ef39000 	C:\WINDOWS\SYSTEM32\WSOCK32.dll
0x00007ff894310000 - 0x00007ff89437f000 	C:\WINDOWS\System32\WS2_32.dll
0x00000000703a0000 - 0x00000000703af000 	C:\Program Files\TIBCO\Jaspersoft Studio-6.11.0\features\jre.win32.win32.x86_64.feature_1.8.0.u151\jre\bin\verify.dll
0x0000000070370000 - 0x0000000070399000 	C:\Program Files\TIBCO\Jaspersoft Studio-6.11.0\features\jre.win32.win32.x86_64.feature_1.8.0.u151\jre\bin\java.dll
0x0000000070350000 - 0x0000000070366000 	C:\Program Files\TIBCO\Jaspersoft Studio-6.11.0\features\jre.win32.win32.x86_64.feature_1.8.0.u151\jre\bin\zip.dll
0x00007ff8936b0000 - 0x00007ff893e68000 	C:\WINDOWS\System32\SHELL32.dll
0x00007ff890db0000 - 0x00007ff891617000 	C:\WINDOWS\SYSTEM32\windows.storage.dll
0x00007ff890c40000 - 0x00007ff890da6000 	C:\WINDOWS\SYSTEM32\wintypes.dll
0x00007ff895630000 - 0x00007ff89571a000 	C:\WINDOWS\System32\SHCORE.dll
0x00007ff894d60000 - 0x00007ff894dbd000 	C:\WINDOWS\System32\shlwapi.dll
0x00007ff892b70000 - 0x00007ff892b91000 	C:\WINDOWS\SYSTEM32\profapi.dll
0x00007ff8923b0000 - 0x00007ff8923c8000 	C:\WINDOWS\SYSTEM32\CRYPTSP.dll
0x00007ff891ca0000 - 0x00007ff891cd5000 	C:\WINDOWS\system32\rsaenh.dll
0x00007ff892260000 - 0x00007ff892289000 	C:\WINDOWS\SYSTEM32\USERENV.dll
0x00007ff892530000 - 0x00007ff892557000 	C:\WINDOWS\SYSTEM32\bcrypt.dll
0x00007ff893450000 - 0x00007ff8934cf000 	C:\WINDOWS\System32\bcryptprimitives.dll
0x00007ff8923d0000 - 0x00007ff8923dc000 	C:\WINDOWS\SYSTEM32\CRYPTBASE.dll
0x0000000070330000 - 0x000000007034a000 	C:\Program Files\TIBCO\Jaspersoft Studio-6.11.0\features\jre.win32.win32.x86_64.feature_1.8.0.u151\jre\bin\net.dll
0x00007ff892170000 - 0x00007ff8921d7000 	C:\WINDOWS\system32\mswsock.dll
0x00007ff891870000 - 0x00007ff89189d000 	C:\WINDOWS\SYSTEM32\IPHLPAPI.DLL
0x00007ff894dd0000 - 0x00007ff894dd9000 	C:\WINDOWS\System32\NSI.dll
0x00007ff88baf0000 - 0x00007ff88bb09000 	C:\WINDOWS\SYSTEM32\dhcpcsvc6.DLL
0x00007ff88bee0000 - 0x00007ff88befe000 	C:\WINDOWS\SYSTEM32\dhcpcsvc.DLL
0x00007ff8918e0000 - 0x00007ff8919c8000 	C:\WINDOWS\SYSTEM32\DNSAPI.dll
0x0000000070310000 - 0x0000000070321000 	C:\Program Files\TIBCO\Jaspersoft Studio-6.11.0\features\jre.win32.win32.x86_64.feature_1.8.0.u151\jre\bin\nio.dll
0x00007ff891d40000 - 0x00007ff891d58000 	C:\WINDOWS\SYSTEM32\kernel.appcore.dll
0x00007ff880f00000 - 0x00007ff88102d000 	C:\WINDOWS\SYSTEM32\textinputframework.dll
0x00007ff894090000 - 0x00007ff894166000 	C:\WINDOWS\System32\OLEAUT32.dll
0x00007ff88f810000 - 0x00007ff88f942000 	C:\WINDOWS\SYSTEM32\CoreMessaging.dll
0x00007ff88d760000 - 0x00007ff88dacd000 	C:\WINDOWS\SYSTEM32\CoreUIComponents.dll
0x00007ff855270000 - 0x00007ff855302000 	C:\Program Files\TIBCO\Jaspersoft Studio-6.11.0\configuration\org.eclipse.osgi\266\0\.cp\swt-win32-4926r21.dll
0x00007ff894170000 - 0x00007ff89430a000 	C:\WINDOWS\System32\ole32.dll
0x00007ff895540000 - 0x00007ff89562c000 	C:\WINDOWS\System32\COMDLG32.dll
0x00007ff892d90000 - 0x00007ff892ef2000 	C:\WINDOWS\System32\CRYPT32.dll
0x00007ff87b760000 - 0x00007ff87bc5a000 	C:\WINDOWS\SYSTEM32\WININET.dll
0x00007ff889550000 - 0x00007ff88973f000 	C:\WINDOWS\SYSTEM32\urlmon.dll
0x00007ff867050000 - 0x00007ff8670eb000 	C:\WINDOWS\SYSTEM32\WINSPOOL.DRV
0x00007ff88fc50000 - 0x00007ff88fd47000 	C:\WINDOWS\SYSTEM32\PROPSYS.dll
0x00007ff8849f0000 - 0x00007ff884ca3000 	C:\WINDOWS\SYSTEM32\iertutil.dll
0x00007ff889520000 - 0x00007ff889548000 	C:\WINDOWS\SYSTEM32\srvcli.dll
0x00007ff891860000 - 0x00007ff89186c000 	C:\WINDOWS\SYSTEM32\netutils.dll
0x00007ff88c4e0000 - 0x00007ff88c4f9000 	C:\WINDOWS\SYSTEM32\USP10.dll
0x00007ff88c7a0000 - 0x00007ff88c7a7000 	C:\WINDOWS\SYSTEM32\MSIMG32.dll
0x00007ff894400000 - 0x00007ff8944af000 	C:\WINDOWS\System32\clbcatq.dll
0x00007ff865bd0000 - 0x00007ff865da0000 	C:\Windows\System32\TaskFlowDataEngine.dll
0x00007ff870e70000 - 0x00007ff870f43000 	C:\Windows\System32\OneCoreCommonProxyStub.dll
0x00007ff86e310000 - 0x00007ff86e336000 	C:\Program Files\TIBCO\Jaspersoft Studio-6.11.0\configuration\org.eclipse.osgi\266\0\.cp\swt-gdip-win32-4926r21.dll
0x00007ff867940000 - 0x00007ff867af3000 	C:\WINDOWS\WinSxS\amd64_microsoft.windows.gdiplus_6595b64144ccf1df_1.1.22000.675_none_ce846f9a12fab040\gdiplus.dll
0x00007ff88c580000 - 0x00007ff88c72e000 	C:\WINDOWS\SYSTEM32\WindowsCodecs.dll
0x00007ff880650000 - 0x00007ff8806fe000 	C:\WINDOWS\SYSTEM32\TextShaping.dll

VM Arguments:
jvm_args: -Xms128m -Xmx1024m -XX:+CMSClassUnloadingEnabled -XX:+UseConcMarkSweepGC -Dfile.encoding=UTF-8 -Djava.net.preferIPv4Stack=true -Ddeployment.security.TLSv1.1=true -Ddeployment.security.TLSv1.2=true 
java_command: <unknown>
java_class_path (initial): C:\Program Files\TIBCO\Jaspersoft Studio-6.11.0\\plugins/org.eclipse.equinox.launcher_1.5.400.v20190515-0925.jar
Launcher Type: generic

Environment Variables:
PATH=C:/Program Files/TIBCO/Jaspersoft Studio-6.11.0//features/jre.win32.win32.x86_64.feature_1.8.0.u151/jre/bin/server;C:/Program Files/TIBCO/Jaspersoft Studio-6.11.0//features/jre.win32.win32.x86_64.feature_1.8.0.u151/jre/bin;C:/Program Files/TIBCO/Jaspersoft Studio-6.11.0//features/jre.win32.win32.x86_64.feature_1.8.0.u151/jre/lib/amd64;C:\Program Files\sap\hdbclient;C:\Python38\Scripts\;C:\Python38\;C:\Windows\system32;C:\Windows;C:\Windows\System32\Wbem;C:\Windows\System32\WindowsPowerShell\v1.0\;C:\Windows\System32\OpenSSH\;C:\Program Files\dotnet\;C:\Program Files\nodejs\;C:\ProgramData\chocolatey\bin;C:\Program Files\Java\jdk-14.0.2\bin;C:\Users\mutiara hitam\AppData\Local\Android\Sdk\emulator;C:\Users\mutiara hitam\AppData\Local\Android\Sdk\tools;C:\Users\mutiara hitam\AppData\Local\Android\Sdk\platform-tools;C:\WINDOWS\system32;C:\WINDOWS;C:\WINDOWS\System32\Wbem;C:\WINDOWS\System32\WindowsPowerShell\v1.0\;C:\WINDOWS\System32\OpenSSH\;C:\xampp\php;C:\composer;C:\Program Files (x86)\Yarn\bin\;C:\Program Files\Git\cmd;C:\Users\mutiara hitam\AppData\Local\Microsoft\WindowsApps;C:\Users\mutiara hitam\AppData\Local\Programs\Microsoft VS Code\bin;C:\Program Files (x86)\Common Files\InstallShield\;C:\Users\mutiara hitam\AppData\Roaming\npm;C:\Users\mutiara hitam\AppData\Roaming\Composer\vendor\bin;C:\Users\mutiara hitam\AppData\Local\Yarn\bin;C:\Users\mutiara hitam\AppData\Local\GitHubDesktop\bin;C:\Users\mutiara hitam\flutter\bin;;%USERPROFILE%\AppData\Local\Microsoft\WindowsApps;C:\Xampp\htdocs\Dragon_Kasir\phpjasperxml;
USERNAME=mutiara hitam
OS=Windows_NT
PROCESSOR_IDENTIFIER=Intel64 Family 6 Model 126 Stepping 5, GenuineIntel



---------------  S Y S T E M  ---------------

OS: Windows 10.0 , 64 bit Build 22000 (10.0.22000.708)

CPU:total 4 (initial active 4) (2 cores per cpu, 2 threads per core) family 6 model 126 stepping 5, cmov, cx8, fxsr, mmx, sse, sse2, sse3, ssse3, sse4.1, sse4.2, popcnt, avx, avx2, aes, clmul, erms, 3dnowpref, lzcnt, ht, tsc, tscinvbit, bmi1, bmi2, adx

Memory: 4k page, physical 3984632k(153804k free), swap 16043256k(4468k free)

vm_info: Java HotSpot(TM) 64-Bit Server VM (25.151-b12) for windows-amd64 JRE (1.8.0_151-b12), built on Sep  5 2017 19:33:46 by "java_re" with MS VC++ 10.0 (VS2010)

time: Mon Aug 15 11:51:34 2022
elapsed time: 16 seconds (0d 0h 0m 16s)

